IQ-TREE multicore version 1.6.12 for Linux 64-bit built Aug 15 2019
Developed by Bui Quang Minh, Nguyen Lam Tung, Olga Chernomor,
Heiko Schmidt, Dominik Schrempf, Michael Woodhams.

Host:    tscc-4-5.sdsc.edu (AVX512, FMA3, 187 GB RAM)
Command: iqtree -s all_linsi_trimmed.phy -st DNA -spp all_linsi_trimmed.txt -m MFP+MERGE -bb 1000
Seed:    387468 (Using SPRNG - Scalable Parallel Random Number Generator)
Time:    Wed Jul 19 13:04:49 2023
Kernel:  AVX+FMA - 1 threads (36 CPU cores detected)

HINT: Use -nt option to specify number of threads because your CPU has 36 cores!
HINT: -nt AUTO will automatically determine the best number of threads to use.

Reading partition model file all_linsi_trimmed.txt ...
Reading alignment file all_linsi_trimmed.phy ... Phylip format detected
Alignment most likely contains DNA/RNA sequences
Alignment has 29 sequences with 3261 columns, 1036 distinct patterns
802 parsimony-informative, 213 singleton sites, 2246 constant sites
                               Gap/Ambiguity  Composition  p-value
   1  Arachnoides_placenta            44.59%    failed      0.00%
   2  Astriclypeus_mannii             34.99%    failed      0.22%
   3  Clypeaster_japonicus            44.53%    failed      0.00%
   4  Clypeaster_reticulatus           4.08%    failed      0.04%
   5  Clypeaster_virescens            37.32%    failed      0.21%
   6  Colobocentrotus_mertensii       44.56%    passed     25.71%
   7  Conolampas_sigsbei              25.76%    failed      0.00%
   8  Dendraster_excentricus          79.82%    failed      0.08%
   9  Echinarachnius_parma            74.21%    failed      0.00%
  10  Echinocyamus_pusillus           28.33%    failed      0.04%
  11  Echinodiscus_bisperforatus       9.81%    passed     14.95%
  12  Echinolampas_crassa             83.35%    failed      3.99%
  13  Encope_aberrans                  9.54%    failed      4.38%
  14  Encope_grandis                  11.01%    failed      1.85%
  15  Laganum_fudsiyama               35.02%    failed      0.00%
  16  Lanthonia_longifissa            11.01%    failed      3.18%
  17  Leodia_sexiesperforata           9.54%    failed      1.99%
  18  Linopneustes_longispinus        28.55%    failed      0.00%
  19  Maretia_planulata               44.56%    failed      0.03%
  20  Mellita_isometra                11.07%    failed      3.16%
  21  Mellita_notabilis               11.01%    passed     12.59%
  22  Mellitella_stokesii              9.57%    passed     27.32%
  23  Peronella_japonica              79.30%    failed      0.01%
  24  Peronella_lesueri               35.05%    failed      0.00%
  25  Rhyncholampas_pacificus         79.82%    failed      0.00%
  26  Scaphechinus_mirabilis          50.60%    failed      0.00%
  27  Sculpsitechinus_auritus         39.87%    failed      0.33%
  28  Sinaechinocyamus_mai             3.53%    passed     12.76%
  29  Strongylocentrotus_purpuratus    0.61%    failed      0.02%
WARNING: 6 sequences contain more than 50% gaps/ambiguity
****  TOTAL                           33.83%  24 sequences failed composition chi2 test (p-value<5%; df=3)

Partition file is not in NEXUS format, assuming RAxML-style partition file...
Subset	Type	Seqs	Sites	Infor	Invar	Model	Name
1	DNA	25	545	198	300	GTR+MERGE	16s_all_linsi_trimmed
2	DNA	14	1138	94	952	GTR+MERGE	28s_all_linsi_trimmed
3	DNA	28	1269	445	775	GTR+MERGE	cox1_all_linsi_trimmed
4	DNA	8	309	65	219	GTR+MERGE	h3_all_linsi_trimmed
Degree of missing data: 0.286
Info: multi-threading strategy over partitions



Create initial parsimony tree by phylogenetic likelihood library (PLL)... 0.008 seconds
NOTE: ModelFinder requires 12 MB RAM!
Testing GTR+F+G on supermatrix...
GTR+F+G4 / LnL: -21154.304 / df: 64 / AIC: 42436.607 / AICc: 42439.210 / BIC: 42826.354
Selecting individual models for 4 charsets using BIC...
 No. Model        Score       Charset
   1 TIM2+F+I+G4  9271.296    16s_all_linsi_trimmed
   2 TIM3+F+I+G4  6374.489    28s_all_linsi_trimmed
WARNING: ABNORMAL_TERMINATION_IN_LNSRCH
WARNING: ABNORMAL_TERMINATION_IN_LNSRCH
   3 GTR+F+R3     23652.448   cox1_all_linsi_trimmed
   4 TPM2+F+I     2311.145    h3_all_linsi_trimmed
Full partition model BIC score: 42100.567 (LnL: -20678.153  df:92)
Merging models to increase model fit (about 13 total partition schemes)...
   5 GTR+F+I+G4   42411.900   16s_all_linsi_trimmed+28s_all_linsi_trimmed
   6 GTR+F+I+G4   42133.022   16s_all_linsi_trimmed+cox1_all_linsi_trimmed
   7 TIM2+F+I+G4  42144.993   16s_all_linsi_trimmed+h3_all_linsi_trimmed
   8 SYM+I+G4     42554.784   28s_all_linsi_trimmed+cox1_all_linsi_trimmed
   9 TIM2+F+I+G4  42130.635   28s_all_linsi_trimmed+h3_all_linsi_trimmed
WARNING: ABNORMAL_TERMINATION_IN_LNSRCH
  10 SYM+R3       42188.437   cox1_all_linsi_trimmed+h3_all_linsi_trimmed	0h:1m:15s (0h:0m:22s left)
BEST-FIT PARTITION MODEL: 
  charpartition BIC = TIM2+F+I+G4: 16s_all_linsi_trimmed, TIM3+F+I+G4: 28s_all_linsi_trimmed, GTR+F+R3: cox1_all_linsi_trimmed, TPM2+F+I: h3_all_linsi_trimmed;
Agglomerative model selection: (16s_all_linsi_trimmed,28s_all_linsi_trimmed,cox1_all_linsi_trimmed,h3_all_linsi_trimmed)
Partition information was printed to all_linsi_trimmed.txt.best_scheme.nex
Partition information in Raxml format was printed to all_linsi_trimmed.txt.best_scheme

All model information printed to all_linsi_trimmed.txt.model.gz
CPU time for ModelFinder: 75.007 seconds (0h:1m:15s)
Wall-clock time for ModelFinder: 76.120 seconds (0h:1m:16s)
Generating 1000 samples for ultrafast bootstrap (seed: 387468)...

NOTE: 6 MB RAM (0 GB) is required!
Estimate model parameters (epsilon = 0.100)
Initial log-likelihood: -23076.413
Current log-likelihood at step 1: -20878.065
Current log-likelihood at step 2: -20749.703
Current log-likelihood at step 3: -20709.311
Current log-likelihood at step 4: -20696.752
Current log-likelihood at step 5: -20689.346
Current log-likelihood at step 6: -20671.259
Current log-likelihood at step 7: -20667.582
Current log-likelihood at step 8: -20666.070
Current log-likelihood at step 9: -20665.463
Current log-likelihood at step 10: -20665.189
Current log-likelihood at step 11: -20665.042
Current log-likelihood at step 12: -20664.947
Partition-specific rates:  1.072 0.187 1.811 0.535
Parameters optimization took 11 rounds (0.773 sec)


WARNING: Estimated model parameters are at boundary that can cause numerical instability!

Computing ML distances based on estimated model parameters... 0.032 sec
WARNING: Some pairwise ML distances are too long (saturated)
Computing BIONJ tree...
0.080 seconds
Log-likelihood of BIONJ tree: -21119.727
--------------------------------------------------------------------
|             INITIALIZING CANDIDATE TREE SET                      |
--------------------------------------------------------------------
Generating 98 parsimony trees... 0.419 second
Computing log-likelihood of 98 initial trees ... 0.822 seconds
Current best score: -20664.947

Do NNI search on 20 best initial trees
Estimate model parameters (epsilon = 0.100)
Initial log-likelihood: -20656.013
Current log-likelihood at step 1: -20655.895
Current log-likelihood at step 2: -20655.838
Parameters optimization took 1 rounds (0.113 sec)


WARNING: Estimated model parameters are at boundary that can cause numerical instability!

BETTER TREE FOUND at iteration 1: -20655.838
Iteration 10 / LogL: -20655.965 / Time: 0h:0m:3s
Iteration 20 / LogL: -20655.840 / Time: 0h:0m:4s
Finish initializing candidate tree set (4)
Current best tree score: -20655.838 / CPU time: 4.166
Number of iterations: 20
--------------------------------------------------------------------
|               OPTIMIZING CANDIDATE TREE SET                      |
--------------------------------------------------------------------
Iteration 30 / LogL: -20655.879 / Time: 0h:0m:6s (0h:0m:16s left)
Iteration 40 / LogL: -20655.871 / Time: 0h:0m:7s (0h:0m:12s left)
Iteration 50 / LogL: -20655.976 / Time: 0h:0m:8s (0h:0m:9s left)
Log-likelihood cutoff on original alignment: -20685.060
Iteration 60 / LogL: -20655.890 / Time: 0h:0m:10s (0h:0m:6s left)
Iteration 70 / LogL: -20655.880 / Time: 0h:0m:11s (0h:0m:4s left)
Iteration 80 / LogL: -20655.841 / Time: 0h:0m:12s (0h:0m:3s left)
Iteration 90 / LogL: -20655.847 / Time: 0h:0m:13s (0h:0m:1s left)
Iteration 100 / LogL: -20656.153 / Time: 0h:0m:14s (0h:0m:0s left)
Log-likelihood cutoff on original alignment: -20685.911
NOTE: Bootstrap correlation coefficient of split occurrence frequencies: 1.000
TREE SEARCH COMPLETED AFTER 102 ITERATIONS / Time: 0h:0m:14s

--------------------------------------------------------------------
|                    FINALIZING TREE SEARCH                        |
--------------------------------------------------------------------
Performs final model parameters optimization
Estimate model parameters (epsilon = 0.010)
Initial log-likelihood: -20655.838
Current log-likelihood at step 1: -20655.796
Current log-likelihood at step 2: -20655.763
Current log-likelihood at step 3: -20655.737
Current log-likelihood at step 4: -20655.715
Current log-likelihood at step 5: -20655.696
Current log-likelihood at step 6: -20655.680
Current log-likelihood at step 7: -20655.666
Current log-likelihood at step 8: -20655.654
Current log-likelihood at step 9: -20655.644
Current log-likelihood at step 10: -20655.635
Partition-specific rates:  1.067 0.183 1.819 0.528
Parameters optimization took 9 rounds (0.419 sec)


WARNING: Estimated model parameters are at boundary that can cause numerical instability!

BEST SCORE FOUND : -20655.635
Creating bootstrap support values...
Split supports printed to NEXUS file all_linsi_trimmed.txt.splits.nex
Total tree length: 3.125

Total number of iterations: 102
CPU time used for tree search: 12.305 sec (0h:0m:12s)
Wall-clock time used for tree search: 12.993 sec (0h:0m:12s)
Total CPU time used: 13.756 sec (0h:0m:13s)
Total wall-clock time used: 15.091 sec (0h:0m:15s)

Computing bootstrap consensus tree...
Reading input file all_linsi_trimmed.txt.splits.nex...
29 taxa and 138 splits.
Consensus tree written to all_linsi_trimmed.txt.contree
Reading input trees file all_linsi_trimmed.txt.contree
Log-likelihood of consensus tree: -20655.635

Analysis results written to: 
  IQ-TREE report:                all_linsi_trimmed.txt.iqtree
  Maximum-likelihood tree:       all_linsi_trimmed.txt.treefile
  Likelihood distances:          all_linsi_trimmed.txt.mldist
  Best partitioning scheme:      all_linsi_trimmed.txt.best_scheme.nex
           in RAxML format:      all_linsi_trimmed.txt.best_scheme

Ultrafast bootstrap approximation results written to:
  Split support values:          all_linsi_trimmed.txt.splits.nex
  Consensus tree:                all_linsi_trimmed.txt.contree
  Screen log file:               all_linsi_trimmed.txt.log

Date and Time: Wed Jul 19 13:06:21 2023
