IQ-TREE multicore version 1.6.12 for Linux 64-bit built Aug 15 2019
Developed by Bui Quang Minh, Nguyen Lam Tung, Olga Chernomor,
Heiko Schmidt, Dominik Schrempf, Michael Woodhams.

Host:    tscc-4-5.sdsc.edu (AVX512, FMA3, 187 GB RAM)
Command: iqtree -s no_spur_linsi_trimmed.phy -st DNA -spp no_spur_linsi_trimmed.txt -m MFP+MERGE -bb 1000
Seed:    280065 (Using SPRNG - Scalable Parallel Random Number Generator)
Time:    Wed Jul 19 13:08:20 2023
Kernel:  AVX+FMA - 1 threads (36 CPU cores detected)

HINT: Use -nt option to specify number of threads because your CPU has 36 cores!
HINT: -nt AUTO will automatically determine the best number of threads to use.

Reading partition model file no_spur_linsi_trimmed.txt ...
Reading alignment file no_spur_linsi_trimmed.phy ... Phylip format detected
Alignment most likely contains DNA/RNA sequences
Alignment has 28 sequences with 3260 columns, 969 distinct patterns
768 parsimony-informative, 178 singleton sites, 2314 constant sites
                            Gap/Ambiguity  Composition  p-value
   1  Arachnoides_placenta         44.57%    failed      0.00%
   2  Astriclypeus_mannii          34.97%    failed      0.37%
   3  Clypeaster_japonicus         44.48%    failed      0.00%
   4  Clypeaster_reticulatus        4.08%    failed      0.02%
   5  Clypeaster_virescens         37.27%    failed      0.40%
   6  Colobocentrotus_mertensii    44.54%    passed     30.82%
   7  Conolampas_sigsbei           25.80%    failed      0.00%
   8  Dendraster_excentricus       79.82%    failed      0.12%
   9  Echinarachnius_parma         74.20%    failed      0.00%
  10  Echinocyamus_pusillus        28.34%    failed      0.02%
  11  Echinodiscus_bisperforatus    9.85%    passed      9.21%
  12  Echinolampas_crassa          83.34%    passed      5.05%
  13  Encope_aberrans               9.51%    failed      2.37%
  14  Encope_grandis               10.98%    failed      0.88%
  15  Laganum_fudsiyama            34.94%    failed      0.00%
  16  Lanthonia_longifissa         10.98%    failed      1.79%
  17  Leodia_sexiesperforata        9.48%    failed      0.92%
  18  Linopneustes_longispinus     28.50%    failed      0.00%
  19  Maretia_planulata            44.45%    failed      0.02%
  20  Mellita_isometra             11.04%    failed      1.65%
  21  Mellita_notabilis            10.98%    passed      7.70%
  22  Mellitella_stokesii           9.54%    passed     19.76%
  23  Peronella_japonica           79.29%    failed      0.01%
  24  Peronella_lesueri            35.00%    failed      0.00%
  25  Rhyncholampas_pacificus      79.82%    failed      0.00%
  26  Scaphechinus_mirabilis       50.58%    failed      0.00%
  27  Sculpsitechinus_auritus      39.82%    failed      0.54%
  28  Sinaechinocyamus_mai          3.53%    passed      6.92%
WARNING: 6 sequences contain more than 50% gaps/ambiguity
****  TOTAL                        34.99%  22 sequences failed composition chi2 test (p-value<5%; df=3)

Partition file is not in NEXUS format, assuming RAxML-style partition file...
Subset	Type	Seqs	Sites	Infor	Invar	Model	Name
1	DNA	24	546	192	318	GTR+MERGE	16s_no_spur_linsi_trimmed
2	DNA	13	1136	82	976	GTR+MERGE	28s_no_spur_linsi_trimmed
3	DNA	27	1269	432	791	GTR+MERGE	cox1_no_spur_linsi_trimmed
4	DNA	7	309	62	229	GTR+MERGE	h3_no_spur_linsi_trimmed
Degree of missing data: 0.296
Info: multi-threading strategy over partitions



Create initial parsimony tree by phylogenetic likelihood library (PLL)... 0.007 seconds
NOTE: ModelFinder requires 11 MB RAM!
Testing GTR+F+G on supermatrix...
GTR+F+G4 / LnL: -19854.152 / df: 62 / AIC: 39832.305 / AICc: 39834.748 / BIC: 40209.853
Selecting individual models for 4 charsets using BIC...
 No. Model        Score       Charset
   1 TIM2+F+I+G4  8716.025    16s_no_spur_linsi_trimmed
   2 TIM3+F+I+G4  5840.399    28s_no_spur_linsi_trimmed
WARNING: ABNORMAL_TERMINATION_IN_LNSRCH
   3 GTR+F+R3     22448.751   cox1_no_spur_linsi_trimmed
   4 HKY+F+G4     2027.300    h3_no_spur_linsi_trimmed
Full partition model BIC score: 39505.101 (LnL: -19392.569  df:89)
Merging models to increase model fit (about 13 total partition schemes)...
   5 GTR+F+I+G4   39808.991   16s_no_spur_linsi_trimmed+28s_no_spur_linsi_trimmed
WARNING: ABNORMAL_TERMINATION_IN_LNSRCH
   6 GTR+F+I+G4   39526.678   16s_no_spur_linsi_trimmed+cox1_no_spur_linsi_trimmed
   7 TIM2+F+I+G4  39558.839   16s_no_spur_linsi_trimmed+h3_no_spur_linsi_trimmed
   8 SYM+I+G4     39945.777   28s_no_spur_linsi_trimmed+cox1_no_spur_linsi_trimmed
   9 TN+F+I+G4    39520.966   28s_no_spur_linsi_trimmed+h3_no_spur_linsi_trimmed
WARNING: ABNORMAL_TERMINATION_IN_LNSRCH
  10 SYM+R3       39597.699   cox1_no_spur_linsi_trimmed+h3_no_spur_linsi_trimmed	0h:1m:23s (0h:0m:25s left)
BEST-FIT PARTITION MODEL: 
  charpartition BIC = TIM2+F+I+G4: 16s_no_spur_linsi_trimmed, TIM3+F+I+G4: 28s_no_spur_linsi_trimmed, GTR+F+R3: cox1_no_spur_linsi_trimmed, HKY+F+G4: h3_no_spur_linsi_trimmed;
Agglomerative model selection: (16s_no_spur_linsi_trimmed,28s_no_spur_linsi_trimmed,cox1_no_spur_linsi_trimmed,h3_no_spur_linsi_trimmed)
Partition information was printed to no_spur_linsi_trimmed.txt.best_scheme.nex
Partition information in Raxml format was printed to no_spur_linsi_trimmed.txt.best_scheme

All model information printed to no_spur_linsi_trimmed.txt.model.gz
CPU time for ModelFinder: 83.101 seconds (0h:1m:23s)
Wall-clock time for ModelFinder: 84.140 seconds (0h:1m:24s)
Generating 1000 samples for ultrafast bootstrap (seed: 280065)...

NOTE: 6 MB RAM (0 GB) is required!
Estimate model parameters (epsilon = 0.100)
Initial log-likelihood: -21688.429
Current log-likelihood at step 1: -19599.251
Current log-likelihood at step 2: -19486.002
Current log-likelihood at step 3: -19425.436
Current log-likelihood at step 4: -19407.523
Current log-likelihood at step 5: -19399.612
Current log-likelihood at step 6: -19395.444
Current log-likelihood at step 7: -19393.584
Current log-likelihood at step 8: -19392.556
Current log-likelihood at step 9: -19391.626
Current log-likelihood at step 10: -19391.182
Current log-likelihood at step 11: -19390.747
Current log-likelihood at step 12: -19390.465
Current log-likelihood at step 13: -19390.202
Current log-likelihood at step 14: -19389.920
Current log-likelihood at step 15: -19389.691
Current log-likelihood at step 16: -19389.457
Current log-likelihood at step 17: -19389.353
Current log-likelihood at step 18: -19388.950
Current log-likelihood at step 19: -19388.854
Partition-specific rates:  1.122 0.194 1.782 0.535
Parameters optimization took 18 rounds (0.894 sec)

Computing ML distances based on estimated model parameters... 0.029 sec
WARNING: Some pairwise ML distances are too long (saturated)
Computing BIONJ tree...
0.602 seconds
Log-likelihood of BIONJ tree: -19758.147
--------------------------------------------------------------------
|             INITIALIZING CANDIDATE TREE SET                      |
--------------------------------------------------------------------
Generating 98 parsimony trees... 0.406 second
Computing log-likelihood of 98 initial trees ... 0.747 seconds
Current best score: -19378.044

Do NNI search on 20 best initial trees
Estimate model parameters (epsilon = 0.100)
Initial log-likelihood: -19362.170
Current log-likelihood at step 1: -19361.650
Current log-likelihood at step 2: -19361.280
Current log-likelihood at step 3: -19360.943
Current log-likelihood at step 4: -19360.834
Current log-likelihood at step 5: -19360.767
Parameters optimization took 4 rounds (0.199 sec)

BETTER TREE FOUND at iteration 1: -19360.767
Estimate model parameters (epsilon = 0.100)
Initial log-likelihood: -19359.109
Current log-likelihood at step 1: -19358.944
Current log-likelihood at step 2: -19358.603
Current log-likelihood at step 3: -19358.501
Current log-likelihood at step 4: -19358.255
Current log-likelihood at step 5: -19358.185
Parameters optimization took 4 rounds (0.174 sec)

BETTER TREE FOUND at iteration 6: -19358.185
Iteration 10 / LogL: -19360.145 / Time: 0h:0m:4s
Iteration 20 / LogL: -19360.070 / Time: 0h:0m:5s
Finish initializing candidate tree set (4)
Current best tree score: -19358.185 / CPU time: 4.406
Number of iterations: 20
--------------------------------------------------------------------
|               OPTIMIZING CANDIDATE TREE SET                      |
--------------------------------------------------------------------
Iteration 30 / LogL: -19361.204 / Time: 0h:0m:7s (0h:0m:19s left)
Iteration 40 / LogL: -19360.063 / Time: 0h:0m:8s (0h:0m:14s left)
Iteration 50 / LogL: -19408.873 / Time: 0h:0m:9s (0h:0m:10s left)
Log-likelihood cutoff on original alignment: -19397.650
Iteration 60 / LogL: -19358.278 / Time: 0h:0m:10s (0h:0m:8s left)
Iteration 70 / LogL: -19358.277 / Time: 0h:0m:11s (0h:0m:5s left)
Iteration 80 / LogL: -19360.767 / Time: 0h:0m:12s (0h:0m:4s left)
Iteration 90 / LogL: -19362.500 / Time: 0h:0m:13s (0h:0m:2s left)
Iteration 100 / LogL: -19358.196 / Time: 0h:0m:14s (0h:0m:0s left)
Log-likelihood cutoff on original alignment: -19397.650
NOTE: Bootstrap correlation coefficient of split occurrence frequencies: 0.999
TREE SEARCH COMPLETED AFTER 107 ITERATIONS / Time: 0h:0m:14s

--------------------------------------------------------------------
|                    FINALIZING TREE SEARCH                        |
--------------------------------------------------------------------
Performs final model parameters optimization
Estimate model parameters (epsilon = 0.010)
Initial log-likelihood: -19358.185
Current log-likelihood at step 1: -19358.116
Current log-likelihood at step 2: -19358.045
Current log-likelihood at step 3: -19357.776
Current log-likelihood at step 4: -19357.701
Current log-likelihood at step 5: -19357.596
Current log-likelihood at step 6: -19357.518
Current log-likelihood at step 7: -19357.441
Current log-likelihood at step 8: -19357.245
Current log-likelihood at step 9: -19357.181
Current log-likelihood at step 10: -19357.139
Current log-likelihood at step 11: -19357.093
Current log-likelihood at step 12: -19356.914
Current log-likelihood at step 13: -19356.831
Current log-likelihood at step 14: -19356.695
Current log-likelihood at step 15: -19356.642
Current log-likelihood at step 16: -19356.454
Current log-likelihood at step 17: -19356.413
Current log-likelihood at step 18: -19356.369
Current log-likelihood at step 19: -19356.200
Current log-likelihood at step 20: -19356.153
Current log-likelihood at step 21: -19356.098
Current log-likelihood at step 22: -19355.989
Current log-likelihood at step 23: -19355.949
Current log-likelihood at step 24: -19355.826
Current log-likelihood at step 25: -19355.766
Current log-likelihood at step 26: -19355.667
Current log-likelihood at step 27: -19355.601
Current log-likelihood at step 28: -19355.560
Current log-likelihood at step 29: -19355.415
Current log-likelihood at step 30: -19355.277
Current log-likelihood at step 31: -19355.206
Current log-likelihood at step 32: -19355.175
Current log-likelihood at step 33: -19355.129
Current log-likelihood at step 34: -19355.091
Current log-likelihood at step 35: -19355.064
Current log-likelihood at step 36: -19354.952
Current log-likelihood at step 37: -19354.816
Current log-likelihood at step 38: -19354.745
Current log-likelihood at step 39: -19354.711
Current log-likelihood at step 40: -19354.670
Current log-likelihood at step 41: -19354.633
Current log-likelihood at step 42: -19354.529
Current log-likelihood at step 43: -19354.464
Current log-likelihood at step 44: -19354.441
Current log-likelihood at step 45: -19354.349
Current log-likelihood at step 46: -19354.301
Current log-likelihood at step 47: -19354.267
Current log-likelihood at step 48: -19354.183
Current log-likelihood at step 49: -19354.096
Current log-likelihood at step 50: -19354.047
Current log-likelihood at step 51: -19353.969
Current log-likelihood at step 52: -19353.946
Current log-likelihood at step 53: -19353.869
Current log-likelihood at step 54: -19353.843
Current log-likelihood at step 55: -19353.809
Current log-likelihood at step 56: -19353.769
Current log-likelihood at step 57: -19353.751
Current log-likelihood at step 58: -19353.677
Current log-likelihood at step 59: -19353.650
Current log-likelihood at step 60: -19353.621
Current log-likelihood at step 61: -19353.593
Current log-likelihood at step 62: -19353.568
Current log-likelihood at step 63: -19353.547
Current log-likelihood at step 64: -19353.526
Current log-likelihood at step 65: -19353.491
Current log-likelihood at step 66: -19353.434
Current log-likelihood at step 67: -19353.388
Current log-likelihood at step 68: -19353.371
Current log-likelihood at step 69: -19353.307
Current log-likelihood at step 70: -19353.282
Current log-likelihood at step 71: -19353.258
Current log-likelihood at step 72: -19353.213
Current log-likelihood at step 73: -19353.193
Current log-likelihood at step 74: -19353.148
Current log-likelihood at step 75: -19353.053
Current log-likelihood at step 76: -19353.039
Current log-likelihood at step 77: -19352.990
Current log-likelihood at step 78: -19352.971
Current log-likelihood at step 79: -19352.946
Current log-likelihood at step 80: -19352.898
Current log-likelihood at step 81: -19352.875
Current log-likelihood at step 82: -19352.856
Current log-likelihood at step 83: -19352.835
Current log-likelihood at step 84: -19352.821
Current log-likelihood at step 85: -19352.784
Current log-likelihood at step 86: -19352.769
Current log-likelihood at step 87: -19352.723
Current log-likelihood at step 88: -19352.708
Current log-likelihood at step 89: -19352.663
Current log-likelihood at step 90: -19352.645
Current log-likelihood at step 91: -19352.606
Current log-likelihood at step 92: -19352.590
Current log-likelihood at step 93: -19352.545
Current log-likelihood at step 94: -19352.503
Current log-likelihood at step 95: -19352.491
Current log-likelihood at step 96: -19352.460
Current log-likelihood at step 97: -19352.422
Current log-likelihood at step 98: -19352.398
Current log-likelihood at step 99: -19352.363
Partition-specific rates:  1.108 0.182 1.803 0.515
Parameters optimization took 99 rounds (3.343 sec)

BEST SCORE FOUND : -19352.363
Creating bootstrap support values...
Split supports printed to NEXUS file no_spur_linsi_trimmed.txt.splits.nex
Total tree length: 2.830

Total number of iterations: 107
CPU time used for tree search: 12.015 sec (0h:0m:12s)
Wall-clock time used for tree search: 12.802 sec (0h:0m:12s)
Total CPU time used: 16.476 sec (0h:0m:16s)
Total wall-clock time used: 18.792 sec (0h:0m:18s)

Computing bootstrap consensus tree...
Reading input file no_spur_linsi_trimmed.txt.splits.nex...
28 taxa and 153 splits.
Consensus tree written to no_spur_linsi_trimmed.txt.contree
Reading input trees file no_spur_linsi_trimmed.txt.contree
Log-likelihood of consensus tree: -19352.364

Analysis results written to: 
  IQ-TREE report:                no_spur_linsi_trimmed.txt.iqtree
  Maximum-likelihood tree:       no_spur_linsi_trimmed.txt.treefile
  Likelihood distances:          no_spur_linsi_trimmed.txt.mldist
  Best partitioning scheme:      no_spur_linsi_trimmed.txt.best_scheme.nex
           in RAxML format:      no_spur_linsi_trimmed.txt.best_scheme

Ultrafast bootstrap approximation results written to:
  Split support values:          no_spur_linsi_trimmed.txt.splits.nex
  Consensus tree:                no_spur_linsi_trimmed.txt.contree
  Screen log file:               no_spur_linsi_trimmed.txt.log

Date and Time: Wed Jul 19 13:10:04 2023
